\BOOKMARK [0][-]{chapter.1}{\376\377\000C\000l\000a\000s\000s\000\040\000I\000n\000d\000e\000x}{}% 1
\BOOKMARK [1][-]{section.1.1}{\376\377\000C\000l\000a\000s\000s\000\040\000L\000i\000s\000t}{chapter.1}% 2
\BOOKMARK [0][-]{chapter.2}{\376\377\000F\000i\000l\000e\000\040\000I\000n\000d\000e\000x}{}% 3
\BOOKMARK [1][-]{section.2.1}{\376\377\000F\000i\000l\000e\000\040\000L\000i\000s\000t}{chapter.2}% 4
\BOOKMARK [0][-]{chapter.3}{\376\377\000C\000l\000a\000s\000s\000\040\000D\000o\000c\000u\000m\000e\000n\000t\000a\000t\000i\000o\000n}{}% 5
\BOOKMARK [1][-]{section.3.1}{\376\377\000i\0002\000c\000\137\000d\000e\000v\000\040\000S\000t\000r\000u\000c\000t\000\040\000R\000e\000f\000e\000r\000e\000n\000c\000e}{chapter.3}% 6
\BOOKMARK [2][-]{subsection.3.1.1}{\376\377\000M\000e\000m\000b\000e\000r\000\040\000D\000a\000t\000a\000\040\000D\000o\000c\000u\000m\000e\000n\000t\000a\000t\000i\000o\000n}{section.3.1}% 7
\BOOKMARK [3][-]{subsubsection.3.1.1.1}{\376\377\000a\000d\000d\000r}{subsection.3.1.1}% 8
\BOOKMARK [3][-]{subsubsection.3.1.1.2}{\376\377\000d\000e\000v}{subsection.3.1.1}% 9
\BOOKMARK [3][-]{subsubsection.3.1.1.3}{\376\377\000n\000a\000m\000e}{subsection.3.1.1}% 10
\BOOKMARK [3][-]{subsubsection.3.1.1.4}{\376\377\000r\000e\000g\000\137\000t\000e\000s\000t}{subsection.3.1.1}% 11
\BOOKMARK [3][-]{subsubsection.3.1.1.5}{\376\377\000r\000e\000g\000\137\000t\000e\000s\000t\000\137\000e\000x\000p\000e\000c\000t\000e\000d\000\137\000v\000a\000l}{subsection.3.1.1}% 12
\BOOKMARK [1][-]{section.3.2}{\376\377\000m\000s\000t\000a\000t\000e\000\137\000t\000\040\000S\000t\000r\000u\000c\000t\000\040\000R\000e\000f\000e\000r\000e\000n\000c\000e}{chapter.3}% 13
\BOOKMARK [2][-]{subsection.3.2.1}{\376\377\000M\000e\000m\000b\000e\000r\000\040\000D\000a\000t\000a\000\040\000D\000o\000c\000u\000m\000e\000n\000t\000a\000t\000i\000o\000n}{section.3.2}% 14
\BOOKMARK [3][-]{subsubsection.3.2.1.1}{\376\377\000a\000c\000t\000i\000o\000n}{subsection.3.2.1}% 15
\BOOKMARK [3][-]{subsubsection.3.2.1.2}{\376\377\000e\000v\000e\000n\000t\000s}{subsection.3.2.1}% 16
\BOOKMARK [0][-]{chapter.4}{\376\377\000F\000i\000l\000e\000\040\000D\000o\000c\000u\000m\000e\000n\000t\000a\000t\000i\000o\000n}{}% 17
\BOOKMARK [1][-]{section.4.1}{\376\377\000/\000h\000o\000m\000e\000/\000i\000s\000r\000a\000e\000l\000/\000D\000r\000o\000p\000b\000o\000x\000/\000U\000f\000a\000l\000/\0002\0000\0001\0007\000.\0002\000/\000S\000E\000/\0000\0006\000\137\000P\000r\000o\000j\000e\000t\000o\000/\000i\000n\000c\000l\000u\000d\000e\000/\000d\000i\000s\000p\000l\000a\000y\000\137\000a\000c\000c\000.\000h\000\040\000F\000i\000l\000e\000\040\000R\000e\000f\000e\000r\000e\000n\000c\000e}{chapter.4}% 18
\BOOKMARK [2][-]{subsection.4.1.1}{\376\377\000M\000a\000c\000r\000o\000\040\000D\000e\000f\000i\000n\000i\000t\000i\000o\000n\000\040\000D\000o\000c\000u\000m\000e\000n\000t\000a\000t\000i\000o\000n}{section.4.1}% 19
\BOOKMARK [3][-]{subsubsection.4.1.1.1}{\376\377\000A\000C\000C\000\137\000D\000E\000V\000\137\000A\000D\000D\000R}{subsection.4.1.1}% 20
\BOOKMARK [3][-]{subsubsection.4.1.1.2}{\376\377\000A\000C\000C\000\137\000O\000U\000T\000\137\000X\000\137\000M\000S\000B}{subsection.4.1.1}% 21
\BOOKMARK [3][-]{subsubsection.4.1.1.3}{\376\377\000A\000C\000C\000\137\000T\000E\000S\000T\000\137\000V\000A\000L\000U\000E}{subsection.4.1.1}% 22
\BOOKMARK [3][-]{subsubsection.4.1.1.4}{\376\377\000A\000C\000C\000\137\000W\000H\000O\000\137\000A\000M\000\137\000I\000\137\000R\000E\000G}{subsection.4.1.1}% 23
\BOOKMARK [2][-]{subsection.4.1.2}{\376\377\000F\000u\000n\000c\000t\000i\000o\000n\000\040\000D\000o\000c\000u\000m\000e\000n\000t\000a\000t\000i\000o\000n}{section.4.1}% 24
\BOOKMARK [3][-]{subsubsection.4.1.2.1}{\376\377\000a\000c\000c\000\137\000r\000e\000a\000d}{subsection.4.1.2}% 25
\BOOKMARK [2][-]{subsection.4.1.3}{\376\377\000V\000a\000r\000i\000a\000b\000l\000e\000\040\000D\000o\000c\000u\000m\000e\000n\000t\000a\000t\000i\000o\000n}{section.4.1}% 26
\BOOKMARK [3][-]{subsubsection.4.1.3.1}{\376\377\000a\000c\000c\000\137\000d\000a\000t\000a}{subsection.4.1.3}% 27
\BOOKMARK [1][-]{section.4.2}{\376\377\000/\000h\000o\000m\000e\000/\000i\000s\000r\000a\000e\000l\000/\000D\000r\000o\000p\000b\000o\000x\000/\000U\000f\000a\000l\000/\0002\0000\0001\0007\000.\0002\000/\000S\000E\000/\0000\0006\000\137\000P\000r\000o\000j\000e\000t\000o\000/\000i\000n\000c\000l\000u\000d\000e\000/\000d\000i\000s\000p\000l\000a\000y\000\137\000c\000o\000m\000p\000a\000s\000s\000.\000h\000\040\000F\000i\000l\000e\000\040\000R\000e\000f\000e\000r\000e\000n\000c\000e}{chapter.4}% 28
\BOOKMARK [2][-]{subsection.4.2.1}{\376\377\000M\000a\000c\000r\000o\000\040\000D\000e\000f\000i\000n\000i\000t\000i\000o\000n\000\040\000D\000o\000c\000u\000m\000e\000n\000t\000a\000t\000i\000o\000n}{section.4.2}% 29
\BOOKMARK [3][-]{subsubsection.4.2.1.1}{\376\377\000C\000O\000M\000P\000A\000S\000S\000\137\000D\000E\000V\000\137\000A\000D\000D\000R}{subsection.4.2.1}% 30
\BOOKMARK [3][-]{subsubsection.4.2.1.2}{\376\377\000C\000O\000M\000P\000A\000S\000S\000\137\000O\000U\000T\000\137\000X\000\137\000M\000S\000B}{subsection.4.2.1}% 31
\BOOKMARK [3][-]{subsubsection.4.2.1.3}{\376\377\000C\000O\000M\000P\000A\000S\000S\000\137\000O\000U\000T\000\137\000Y\000\137\000M\000S\000B}{subsection.4.2.1}% 32
\BOOKMARK [3][-]{subsubsection.4.2.1.4}{\376\377\000C\000O\000M\000P\000A\000S\000S\000\137\000O\000U\000T\000\137\000Z\000\137\000M\000S\000B}{subsection.4.2.1}% 33
\BOOKMARK [3][-]{subsubsection.4.2.1.5}{\376\377\000C\000O\000M\000P\000A\000S\000S\000\137\000T\000E\000S\000T\000\137\000V\000A\000L\000U\000E}{subsection.4.2.1}% 34
\BOOKMARK [3][-]{subsubsection.4.2.1.6}{\376\377\000C\000O\000M\000P\000A\000S\000S\000\137\000W\000H\000O\000\137\000A\000M\000\137\000I\000\137\000R\000E\000G}{subsection.4.2.1}% 35
\BOOKMARK [2][-]{subsection.4.2.2}{\376\377\000F\000u\000n\000c\000t\000i\000o\000n\000\040\000D\000o\000c\000u\000m\000e\000n\000t\000a\000t\000i\000o\000n}{section.4.2}% 36
\BOOKMARK [3][-]{subsubsection.4.2.2.1}{\376\377\000c\000o\000m\000p\000a\000s\000s\000\137\000r\000e\000a\000d}{subsection.4.2.2}% 37
\BOOKMARK [2][-]{subsection.4.2.3}{\376\377\000V\000a\000r\000i\000a\000b\000l\000e\000\040\000D\000o\000c\000u\000m\000e\000n\000t\000a\000t\000i\000o\000n}{section.4.2}% 38
\BOOKMARK [3][-]{subsubsection.4.2.3.1}{\376\377\000c\000o\000m\000p\000a\000s\000s\000\137\000x\000\137\000d\000a\000t\000a}{subsection.4.2.3}% 39
\BOOKMARK [3][-]{subsubsection.4.2.3.2}{\376\377\000c\000o\000m\000p\000a\000s\000s\000\137\000y\000\137\000d\000a\000t\000a}{subsection.4.2.3}% 40
\BOOKMARK [3][-]{subsubsection.4.2.3.3}{\376\377\000c\000o\000m\000p\000a\000s\000s\000\137\000z\000\137\000d\000a\000t\000a}{subsection.4.2.3}% 41
\BOOKMARK [1][-]{section.4.3}{\376\377\000/\000h\000o\000m\000e\000/\000i\000s\000r\000a\000e\000l\000/\000D\000r\000o\000p\000b\000o\000x\000/\000U\000f\000a\000l\000/\0002\0000\0001\0007\000.\0002\000/\000S\000E\000/\0000\0006\000\137\000P\000r\000o\000j\000e\000t\000o\000/\000i\000n\000c\000l\000u\000d\000e\000/\000d\000i\000s\000p\000l\000a\000y\000\137\000t\000e\000m\000p\000.\000h\000\040\000F\000i\000l\000e\000\040\000R\000e\000f\000e\000r\000e\000n\000c\000e}{chapter.4}% 42
\BOOKMARK [2][-]{subsection.4.3.1}{\376\377\000F\000u\000n\000c\000t\000i\000o\000n\000\040\000D\000o\000c\000u\000m\000e\000n\000t\000a\000t\000i\000o\000n}{section.4.3}% 43
\BOOKMARK [3][-]{subsubsection.4.3.1.1}{\376\377\000t\000e\000m\000p\000\137\000r\000e\000a\000d}{subsection.4.3.1}% 44
\BOOKMARK [1][-]{section.4.4}{\376\377\000/\000h\000o\000m\000e\000/\000i\000s\000r\000a\000e\000l\000/\000D\000r\000o\000p\000b\000o\000x\000/\000U\000f\000a\000l\000/\0002\0000\0001\0007\000.\0002\000/\000S\000E\000/\0000\0006\000\137\000P\000r\000o\000j\000e\000t\000o\000/\000i\000n\000c\000l\000u\000d\000e\000/\000i\0002\000c\000\137\000u\000t\000i\000l\000.\000h\000\040\000F\000i\000l\000e\000\040\000R\000e\000f\000e\000r\000e\000n\000c\000e}{chapter.4}% 45
\BOOKMARK [2][-]{subsection.4.4.1}{\376\377\000M\000a\000c\000r\000o\000\040\000D\000e\000f\000i\000n\000i\000t\000i\000o\000n\000\040\000D\000o\000c\000u\000m\000e\000n\000t\000a\000t\000i\000o\000n}{section.4.4}% 46
\BOOKMARK [3][-]{subsubsection.4.4.1.1}{\376\377\000I\0002\000C\000\137\000D\000E\000V\000I\000C\000E\000\137\000N\000A\000M\000E\000\137\000L\000E\000N\000G\000T\000H}{subsection.4.4.1}% 47
\BOOKMARK [3][-]{subsubsection.4.4.1.2}{\376\377\000S\000Y\000S\000\137\000L\000O\000G\000\137\000D\000O\000M\000A\000I\000N}{subsection.4.4.1}% 48
\BOOKMARK [2][-]{subsection.4.4.2}{\376\377\000F\000u\000n\000c\000t\000i\000o\000n\000\040\000D\000o\000c\000u\000m\000e\000n\000t\000a\000t\000i\000o\000n}{section.4.4}% 49
\BOOKMARK [3][-]{subsubsection.4.4.2.1}{\376\377\000i\0002\000c\000\137\000u\000t\000i\000l\000\137\000d\000e\000v\000\137\000i\000n\000i\000t}{subsection.4.4.2}% 50
\BOOKMARK [3][-]{subsubsection.4.4.2.2}{\376\377\000i\0002\000c\000\137\000u\000t\000i\000l\000\137\000r\000e\000a\000d\000\137\000b\000y\000t\000e\000s}{subsection.4.4.2}% 51
\BOOKMARK [3][-]{subsubsection.4.4.2.3}{\376\377\000i\0002\000c\000\137\000u\000t\000i\000l\000\137\000t\000e\000s\000t\000\137\000c\000o\000n\000n\000e\000c\000t\000i\000o\000n}{subsection.4.4.2}% 52
\BOOKMARK [3][-]{subsubsection.4.4.2.4}{\376\377\000i\0002\000c\000\137\000u\000t\000i\000l\000\137\000w\000r\000i\000t\000e\000\137\000b\000y\000t\000e\000s}{subsection.4.4.2}% 53
\BOOKMARK [1][-]{section.4.5}{\376\377\000/\000h\000o\000m\000e\000/\000i\000s\000r\000a\000e\000l\000/\000D\000r\000o\000p\000b\000o\000x\000/\000U\000f\000a\000l\000/\0002\0000\0001\0007\000.\0002\000/\000S\000E\000/\0000\0006\000\137\000P\000r\000o\000j\000e\000t\000o\000/\000s\000r\000c\000/\000d\000i\000s\000p\000l\000a\000y\000\137\000a\000c\000c\000.\000c\000\040\000F\000i\000l\000e\000\040\000R\000e\000f\000e\000r\000e\000n\000c\000e}{chapter.4}% 54
\BOOKMARK [2][-]{subsection.4.5.1}{\376\377\000F\000u\000n\000c\000t\000i\000o\000n\000\040\000D\000o\000c\000u\000m\000e\000n\000t\000a\000t\000i\000o\000n}{section.4.5}% 55
\BOOKMARK [3][-]{subsubsection.4.5.1.1}{\376\377\000a\000c\000c\000\137\000r\000e\000a\000d}{subsection.4.5.1}% 56
\BOOKMARK [1][-]{section.4.6}{\376\377\000/\000h\000o\000m\000e\000/\000i\000s\000r\000a\000e\000l\000/\000D\000r\000o\000p\000b\000o\000x\000/\000U\000f\000a\000l\000/\0002\0000\0001\0007\000.\0002\000/\000S\000E\000/\0000\0006\000\137\000P\000r\000o\000j\000e\000t\000o\000/\000s\000r\000c\000/\000d\000i\000s\000p\000l\000a\000y\000\137\000c\000o\000m\000p\000a\000s\000s\000.\000c\000\040\000F\000i\000l\000e\000\040\000R\000e\000f\000e\000r\000e\000n\000c\000e}{chapter.4}% 57
\BOOKMARK [2][-]{subsection.4.6.1}{\376\377\000F\000u\000n\000c\000t\000i\000o\000n\000\040\000D\000o\000c\000u\000m\000e\000n\000t\000a\000t\000i\000o\000n}{section.4.6}% 58
\BOOKMARK [3][-]{subsubsection.4.6.1.1}{\376\377\000c\000o\000m\000p\000a\000s\000s\000\137\000r\000e\000a\000d}{subsection.4.6.1}% 59
\BOOKMARK [1][-]{section.4.7}{\376\377\000/\000h\000o\000m\000e\000/\000i\000s\000r\000a\000e\000l\000/\000D\000r\000o\000p\000b\000o\000x\000/\000U\000f\000a\000l\000/\0002\0000\0001\0007\000.\0002\000/\000S\000E\000/\0000\0006\000\137\000P\000r\000o\000j\000e\000t\000o\000/\000s\000r\000c\000/\000d\000i\000s\000p\000l\000a\000y\000\137\000t\000e\000m\000p\000.\000c\000\040\000F\000i\000l\000e\000\040\000R\000e\000f\000e\000r\000e\000n\000c\000e}{chapter.4}% 60
\BOOKMARK [2][-]{subsection.4.7.1}{\376\377\000F\000u\000n\000c\000t\000i\000o\000n\000\040\000D\000o\000c\000u\000m\000e\000n\000t\000a\000t\000i\000o\000n}{section.4.7}% 61
\BOOKMARK [3][-]{subsubsection.4.7.1.1}{\376\377\000t\000e\000m\000p\000\137\000r\000e\000a\000d}{subsection.4.7.1}% 62
\BOOKMARK [1][-]{section.4.8}{\376\377\000/\000h\000o\000m\000e\000/\000i\000s\000r\000a\000e\000l\000/\000D\000r\000o\000p\000b\000o\000x\000/\000U\000f\000a\000l\000/\0002\0000\0001\0007\000.\0002\000/\000S\000E\000/\0000\0006\000\137\000P\000r\000o\000j\000e\000t\000o\000/\000s\000r\000c\000/\000i\0002\000c\000\137\000u\000t\000i\000l\000.\000c\000\040\000F\000i\000l\000e\000\040\000R\000e\000f\000e\000r\000e\000n\000c\000e}{chapter.4}% 63
\BOOKMARK [2][-]{subsection.4.8.1}{\376\377\000F\000u\000n\000c\000t\000i\000o\000n\000\040\000D\000o\000c\000u\000m\000e\000n\000t\000a\000t\000i\000o\000n}{section.4.8}% 64
\BOOKMARK [3][-]{subsubsection.4.8.1.1}{\376\377\000i\0002\000c\000\137\000u\000t\000i\000l\000\137\000d\000e\000v\000\137\000i\000n\000i\000t}{subsection.4.8.1}% 65
\BOOKMARK [3][-]{subsubsection.4.8.1.2}{\376\377\000i\0002\000c\000\137\000u\000t\000i\000l\000\137\000r\000e\000a\000d\000\137\000b\000y\000t\000e\000s}{subsection.4.8.1}% 66
\BOOKMARK [3][-]{subsubsection.4.8.1.3}{\376\377\000i\0002\000c\000\137\000u\000t\000i\000l\000\137\000t\000e\000s\000t\000\137\000c\000o\000n\000n\000e\000c\000t\000i\000o\000n}{subsection.4.8.1}% 67
\BOOKMARK [3][-]{subsubsection.4.8.1.4}{\376\377\000i\0002\000c\000\137\000u\000t\000i\000l\000\137\000w\000r\000i\000t\000e\000\137\000b\000y\000t\000e\000s}{subsection.4.8.1}% 68
\BOOKMARK [1][-]{section.4.9}{\376\377\000/\000h\000o\000m\000e\000/\000i\000s\000r\000a\000e\000l\000/\000D\000r\000o\000p\000b\000o\000x\000/\000U\000f\000a\000l\000/\0002\0000\0001\0007\000.\0002\000/\000S\000E\000/\0000\0006\000\137\000P\000r\000o\000j\000e\000t\000o\000/\000s\000r\000c\000/\000m\000a\000i\000n\000.\000c\000\040\000F\000i\000l\000e\000\040\000R\000e\000f\000e\000r\000e\000n\000c\000e}{chapter.4}% 69
\BOOKMARK [2][-]{subsection.4.9.1}{\376\377\000M\000a\000c\000r\000o\000\040\000D\000e\000f\000i\000n\000i\000t\000i\000o\000n\000\040\000D\000o\000c\000u\000m\000e\000n\000t\000a\000t\000i\000o\000n}{section.4.9}% 70
\BOOKMARK [3][-]{subsubsection.4.9.1.1}{\376\377\000R\000E\000S\000E\000T\000\137\000A\000L\000L\000\137\000S\000E\000N\000S\000O\000R\000S}{subsection.4.9.1}% 71
\BOOKMARK [2][-]{subsection.4.9.2}{\376\377\000E\000n\000u\000m\000e\000r\000a\000t\000i\000o\000n\000\040\000T\000y\000p\000e\000\040\000D\000o\000c\000u\000m\000e\000n\000t\000a\000t\000i\000o\000n}{section.4.9}% 72
\BOOKMARK [3][-]{subsubsection.4.9.2.1}{\376\377\000e\000v\000e\000n\000t\000\137\000t}{subsection.4.9.2}% 73
\BOOKMARK [3][-]{subsubsection.4.9.2.2}{\376\377\000s\000t\000a\000t\000e\000\137\000t}{subsection.4.9.2}% 74
\BOOKMARK [2][-]{subsection.4.9.3}{\376\377\000F\000u\000n\000c\000t\000i\000o\000n\000\040\000D\000o\000c\000u\000m\000e\000n\000t\000a\000t\000i\000o\000n}{section.4.9}% 75
\BOOKMARK [3][-]{subsubsection.4.9.3.1}{\376\377\000m\000a\000i\000n}{subsection.4.9.3}% 76
\BOOKMARK [3][-]{subsubsection.4.9.3.2}{\376\377\000s\0001\000\137\000d\000i\000s\000p\000l\000a\000y}{subsection.4.9.3}% 77
\BOOKMARK [3][-]{subsubsection.4.9.3.3}{\376\377\000s\0002\000\137\000a\000c\000c\000e\000l\000e\000r\000o\000m\000e\000t\000e\000r}{subsection.4.9.3}% 78
\BOOKMARK [3][-]{subsubsection.4.9.3.4}{\376\377\000s\0003\000\137\000c\000o\000m\000p\000a\000s\000s}{subsection.4.9.3}% 79
\BOOKMARK [3][-]{subsubsection.4.9.3.5}{\376\377\000s\0004\000\137\000t\000e\000m\000p\000e\000r\000a\000t\000u\000r\000e}{subsection.4.9.3}% 80
\BOOKMARK [3][-]{subsubsection.4.9.3.6}{\376\377\000s\0005\000\137\000b\000l\000u\000e\000t\000o\000o\000t\000h}{subsection.4.9.3}% 81
\BOOKMARK [2][-]{subsection.4.9.4}{\376\377\000V\000a\000r\000i\000a\000b\000l\000e\000\040\000D\000o\000c\000u\000m\000e\000n\000t\000a\000t\000i\000o\000n}{section.4.9}% 82
\BOOKMARK [3][-]{subsubsection.4.9.4.1}{\376\377\000a\000c\000c\000\137\000e\000n\000a\000b\000l\000e\000d}{subsection.4.9.4}% 83
\BOOKMARK [3][-]{subsubsection.4.9.4.2}{\376\377\000b\000l\000u\000e\000t\000o\000o\000t\000h\000\137\000e\000n\000a\000b\000l\000e\000d}{subsection.4.9.4}% 84
\BOOKMARK [3][-]{subsubsection.4.9.4.3}{\376\377\000c\000o\000m\000p\000a\000s\000s\000\137\000e\000n\000a\000b\000l\000e\000d}{subsection.4.9.4}% 85
\BOOKMARK [3][-]{subsubsection.4.9.4.4}{\376\377\000m\000a\000c\000h\000i\000n\000e}{subsection.4.9.4}% 86
\BOOKMARK [3][-]{subsubsection.4.9.4.5}{\376\377\000s\000c\000r\000o\000l\000l\000\137\000e\000n\000a\000b\000l\000e\000d}{subsection.4.9.4}% 87
\BOOKMARK [3][-]{subsubsection.4.9.4.6}{\376\377\000t\000e\000m\000p\000e\000r\000a\000t\000u\000r\000e\000\137\000e\000n\000a\000b\000l\000e\000d}{subsection.4.9.4}% 88
\BOOKMARK [0][-]{section*.23}{\376\377\000I\000n\000d\000e\000x}{}% 89
