The target system is: Generic -  - arm
The host system is: Linux - 4.4.0-98-generic - x86_64
Compiling the C compiler identification source file "CMakeCCompilerId.c" succeeded.
Compiler: /opt/zephyr-sdk/sysroots/x86_64-pokysdk-linux/usr/bin/arm-zephyr-eabi/arm-zephyr-eabi-gcc 
Build flags: 
Id flags: -c 

The output was:
0


Compilation of the C compiler identification source "CMakeCCompilerId.c" produced "CMakeCCompilerId.o"

The C compiler identification is GNU, found in "/home/israel/Dropbox/Ufal/2017.2/SE/06_Projeto/build/CMakeFiles/3.11.0/CompilerIdC/CMakeCCompilerId.o"

Compiling the CXX compiler identification source file "CMakeCXXCompilerId.cpp" succeeded.
Compiler: /opt/zephyr-sdk/sysroots/x86_64-pokysdk-linux/usr/bin/arm-zephyr-eabi/arm-zephyr-eabi-g++ 
Build flags: 
Id flags: -c 

The output was:
0


Compilation of the CXX compiler identification source "CMakeCXXCompilerId.cpp" produced "CMakeCXXCompilerId.o"

The CXX compiler identification is GNU, found in "/home/israel/Dropbox/Ufal/2017.2/SE/06_Projeto/build/CMakeFiles/3.11.0/CompilerIdCXX/CMakeCXXCompilerId.o"

Performing C SOURCE FILE Test toolchain_is_ok succeeded with the following output:
Change Dir: /home/israel/Dropbox/Ufal/2017.2/SE/06_Projeto/build/CMakeFiles/CMakeTmp

Run Build Command:"/usr/bin/make" "cmTC_cd088/fast"
/usr/bin/make -f CMakeFiles/cmTC_cd088.dir/build.make CMakeFiles/cmTC_cd088.dir/build
make[1]: Entering directory `/home/israel/Dropbox/Ufal/2017.2/SE/06_Projeto/build/CMakeFiles/CMakeTmp'
Building C object CMakeFiles/cmTC_cd088.dir/src.c.obj
/opt/zephyr-sdk/sysroots/x86_64-pokysdk-linux/usr/bin/arm-zephyr-eabi/arm-zephyr-eabi-gcc   -Dtoolchain_is_ok -nostartfiles -nostdlib -isystem "/opt/zephyr-sdk/sysroots/x86_64-pokysdk-linux/usr/lib/arm-zephyr-eabi/gcc/arm-zephyr-eabi/6.2.0/include" -isystem "/opt/zephyr-sdk/sysroots/x86_64-pokysdk-linux/usr/lib/arm-zephyr-eabi/gcc/arm-zephyr-eabi/6.2.0/include-fixed" -Wl,--unresolved-symbols=ignore-in-object-files   -o CMakeFiles/cmTC_cd088.dir/src.c.obj   -c /home/israel/Dropbox/Ufal/2017.2/SE/06_Projeto/build/CMakeFiles/CMakeTmp/src.c
Linking C executable cmTC_cd088
/usr/local/bin/cmake -E cmake_link_script CMakeFiles/cmTC_cd088.dir/link.txt --verbose=1
/opt/zephyr-sdk/sysroots/x86_64-pokysdk-linux/usr/bin/arm-zephyr-eabi/arm-zephyr-eabi-gcc  -Dtoolchain_is_ok -nostartfiles -nostdlib -isystem "/opt/zephyr-sdk/sysroots/x86_64-pokysdk-linux/usr/lib/arm-zephyr-eabi/gcc/arm-zephyr-eabi/6.2.0/include" -isystem "/opt/zephyr-sdk/sysroots/x86_64-pokysdk-linux/usr/lib/arm-zephyr-eabi/gcc/arm-zephyr-eabi/6.2.0/include-fixed" -Wl,--unresolved-symbols=ignore-in-object-files    CMakeFiles/cmTC_cd088.dir/src.c.obj  -o cmTC_cd088 
/opt/zephyr-sdk/sysroots/x86_64-pokysdk-linux/usr/libexec/arm-zephyr-eabi/gcc/arm-zephyr-eabi/6.2.0/real-ld: warning: cannot find entry symbol _start; defaulting to 0000000000008024
make[1]: Leaving directory `/home/israel/Dropbox/Ufal/2017.2/SE/06_Projeto/build/CMakeFiles/CMakeTmp'

Source file was:
int main(void) { return 0; }
Performing C SOURCE FILE Test check_nostartfiles succeeded with the following output:
Change Dir: /home/israel/Dropbox/Ufal/2017.2/SE/06_Projeto/build/CMakeFiles/CMakeTmp

Run Build Command:"/usr/bin/make" "cmTC_5034f/fast"
/usr/bin/make -f CMakeFiles/cmTC_5034f.dir/build.make CMakeFiles/cmTC_5034f.dir/build
make[1]: Entering directory `/home/israel/Dropbox/Ufal/2017.2/SE/06_Projeto/build/CMakeFiles/CMakeTmp'
Building C object CMakeFiles/cmTC_5034f.dir/src.c.obj
/opt/zephyr-sdk/sysroots/x86_64-pokysdk-linux/usr/bin/arm-zephyr-eabi/arm-zephyr-eabi-gcc   -Dcheck_nostartfiles -nostartfiles -nostdlib -isystem "/opt/zephyr-sdk/sysroots/x86_64-pokysdk-linux/usr/lib/arm-zephyr-eabi/gcc/arm-zephyr-eabi/6.2.0/include" -isystem "/opt/zephyr-sdk/sysroots/x86_64-pokysdk-linux/usr/lib/arm-zephyr-eabi/gcc/arm-zephyr-eabi/6.2.0/include-fixed" -Wl,--unresolved-symbols=ignore-in-object-files -nostartfiles   -o CMakeFiles/cmTC_5034f.dir/src.c.obj   -c /home/israel/Dropbox/Ufal/2017.2/SE/06_Projeto/build/CMakeFiles/CMakeTmp/src.c
Linking C executable cmTC_5034f
/usr/local/bin/cmake -E cmake_link_script CMakeFiles/cmTC_5034f.dir/link.txt --verbose=1
/opt/zephyr-sdk/sysroots/x86_64-pokysdk-linux/usr/bin/arm-zephyr-eabi/arm-zephyr-eabi-gcc  -Dcheck_nostartfiles -nostartfiles -nostdlib -isystem "/opt/zephyr-sdk/sysroots/x86_64-pokysdk-linux/usr/lib/arm-zephyr-eabi/gcc/arm-zephyr-eabi/6.2.0/include" -isystem "/opt/zephyr-sdk/sysroots/x86_64-pokysdk-linux/usr/lib/arm-zephyr-eabi/gcc/arm-zephyr-eabi/6.2.0/include-fixed" -Wl,--unresolved-symbols=ignore-in-object-files -nostartfiles    CMakeFiles/cmTC_5034f.dir/src.c.obj  -o cmTC_5034f 
/opt/zephyr-sdk/sysroots/x86_64-pokysdk-linux/usr/libexec/arm-zephyr-eabi/gcc/arm-zephyr-eabi/6.2.0/real-ld: warning: cannot find entry symbol _start; defaulting to 0000000000008024
make[1]: Leaving directory `/home/israel/Dropbox/Ufal/2017.2/SE/06_Projeto/build/CMakeFiles/CMakeTmp'

Source file was:
int main(void) { return 0; }
Performing C SOURCE FILE Test check_nodefaultlibs succeeded with the following output:
Change Dir: /home/israel/Dropbox/Ufal/2017.2/SE/06_Projeto/build/CMakeFiles/CMakeTmp

Run Build Command:"/usr/bin/make" "cmTC_8f70b/fast"
/usr/bin/make -f CMakeFiles/cmTC_8f70b.dir/build.make CMakeFiles/cmTC_8f70b.dir/build
make[1]: Entering directory `/home/israel/Dropbox/Ufal/2017.2/SE/06_Projeto/build/CMakeFiles/CMakeTmp'
Building C object CMakeFiles/cmTC_8f70b.dir/src.c.obj
/opt/zephyr-sdk/sysroots/x86_64-pokysdk-linux/usr/bin/arm-zephyr-eabi/arm-zephyr-eabi-gcc   -Dcheck_nodefaultlibs -nostartfiles -nostdlib -isystem "/opt/zephyr-sdk/sysroots/x86_64-pokysdk-linux/usr/lib/arm-zephyr-eabi/gcc/arm-zephyr-eabi/6.2.0/include" -isystem "/opt/zephyr-sdk/sysroots/x86_64-pokysdk-linux/usr/lib/arm-zephyr-eabi/gcc/arm-zephyr-eabi/6.2.0/include-fixed" -Wl,--unresolved-symbols=ignore-in-object-files -nodefaultlibs   -o CMakeFiles/cmTC_8f70b.dir/src.c.obj   -c /home/israel/Dropbox/Ufal/2017.2/SE/06_Projeto/build/CMakeFiles/CMakeTmp/src.c
Linking C executable cmTC_8f70b
/usr/local/bin/cmake -E cmake_link_script CMakeFiles/cmTC_8f70b.dir/link.txt --verbose=1
/opt/zephyr-sdk/sysroots/x86_64-pokysdk-linux/usr/bin/arm-zephyr-eabi/arm-zephyr-eabi-gcc  -Dcheck_nodefaultlibs -nostartfiles -nostdlib -isystem "/opt/zephyr-sdk/sysroots/x86_64-pokysdk-linux/usr/lib/arm-zephyr-eabi/gcc/arm-zephyr-eabi/6.2.0/include" -isystem "/opt/zephyr-sdk/sysroots/x86_64-pokysdk-linux/usr/lib/arm-zephyr-eabi/gcc/arm-zephyr-eabi/6.2.0/include-fixed" -Wl,--unresolved-symbols=ignore-in-object-files -nodefaultlibs    CMakeFiles/cmTC_8f70b.dir/src.c.obj  -o cmTC_8f70b 
/opt/zephyr-sdk/sysroots/x86_64-pokysdk-linux/usr/libexec/arm-zephyr-eabi/gcc/arm-zephyr-eabi/6.2.0/real-ld: warning: cannot find entry symbol _start; defaulting to 0000000000008024
make[1]: Leaving directory `/home/israel/Dropbox/Ufal/2017.2/SE/06_Projeto/build/CMakeFiles/CMakeTmp'

Source file was:
int main(void) { return 0; }
Performing C SOURCE FILE Test check_nostdlib succeeded with the following output:
Change Dir: /home/israel/Dropbox/Ufal/2017.2/SE/06_Projeto/build/CMakeFiles/CMakeTmp

Run Build Command:"/usr/bin/make" "cmTC_2e5bb/fast"
/usr/bin/make -f CMakeFiles/cmTC_2e5bb.dir/build.make CMakeFiles/cmTC_2e5bb.dir/build
make[1]: Entering directory `/home/israel/Dropbox/Ufal/2017.2/SE/06_Projeto/build/CMakeFiles/CMakeTmp'
Building C object CMakeFiles/cmTC_2e5bb.dir/src.c.obj
/opt/zephyr-sdk/sysroots/x86_64-pokysdk-linux/usr/bin/arm-zephyr-eabi/arm-zephyr-eabi-gcc   -Dcheck_nostdlib -nostartfiles -nostdlib -isystem "/opt/zephyr-sdk/sysroots/x86_64-pokysdk-linux/usr/lib/arm-zephyr-eabi/gcc/arm-zephyr-eabi/6.2.0/include" -isystem "/opt/zephyr-sdk/sysroots/x86_64-pokysdk-linux/usr/lib/arm-zephyr-eabi/gcc/arm-zephyr-eabi/6.2.0/include-fixed" -Wl,--unresolved-symbols=ignore-in-object-files -nostdlib   -o CMakeFiles/cmTC_2e5bb.dir/src.c.obj   -c /home/israel/Dropbox/Ufal/2017.2/SE/06_Projeto/build/CMakeFiles/CMakeTmp/src.c
Linking C executable cmTC_2e5bb
/usr/local/bin/cmake -E cmake_link_script CMakeFiles/cmTC_2e5bb.dir/link.txt --verbose=1
/opt/zephyr-sdk/sysroots/x86_64-pokysdk-linux/usr/bin/arm-zephyr-eabi/arm-zephyr-eabi-gcc  -Dcheck_nostdlib -nostartfiles -nostdlib -isystem "/opt/zephyr-sdk/sysroots/x86_64-pokysdk-linux/usr/lib/arm-zephyr-eabi/gcc/arm-zephyr-eabi/6.2.0/include" -isystem "/opt/zephyr-sdk/sysroots/x86_64-pokysdk-linux/usr/lib/arm-zephyr-eabi/gcc/arm-zephyr-eabi/6.2.0/include-fixed" -Wl,--unresolved-symbols=ignore-in-object-files -nostdlib    CMakeFiles/cmTC_2e5bb.dir/src.c.obj  -o cmTC_2e5bb 
/opt/zephyr-sdk/sysroots/x86_64-pokysdk-linux/usr/libexec/arm-zephyr-eabi/gcc/arm-zephyr-eabi/6.2.0/real-ld: warning: cannot find entry symbol _start; defaulting to 0000000000008024
make[1]: Leaving directory `/home/israel/Dropbox/Ufal/2017.2/SE/06_Projeto/build/CMakeFiles/CMakeTmp'

Source file was:
int main(void) { return 0; }
Performing C SOURCE FILE Test check_static succeeded with the following output:
Change Dir: /home/israel/Dropbox/Ufal/2017.2/SE/06_Projeto/build/CMakeFiles/CMakeTmp

Run Build Command:"/usr/bin/make" "cmTC_1416a/fast"
/usr/bin/make -f CMakeFiles/cmTC_1416a.dir/build.make CMakeFiles/cmTC_1416a.dir/build
make[1]: Entering directory `/home/israel/Dropbox/Ufal/2017.2/SE/06_Projeto/build/CMakeFiles/CMakeTmp'
Building C object CMakeFiles/cmTC_1416a.dir/src.c.obj
/opt/zephyr-sdk/sysroots/x86_64-pokysdk-linux/usr/bin/arm-zephyr-eabi/arm-zephyr-eabi-gcc   -Dcheck_static -nostartfiles -nostdlib -isystem "/opt/zephyr-sdk/sysroots/x86_64-pokysdk-linux/usr/lib/arm-zephyr-eabi/gcc/arm-zephyr-eabi/6.2.0/include" -isystem "/opt/zephyr-sdk/sysroots/x86_64-pokysdk-linux/usr/lib/arm-zephyr-eabi/gcc/arm-zephyr-eabi/6.2.0/include-fixed" -Wl,--unresolved-symbols=ignore-in-object-files -static   -o CMakeFiles/cmTC_1416a.dir/src.c.obj   -c /home/israel/Dropbox/Ufal/2017.2/SE/06_Projeto/build/CMakeFiles/CMakeTmp/src.c
Linking C executable cmTC_1416a
/usr/local/bin/cmake -E cmake_link_script CMakeFiles/cmTC_1416a.dir/link.txt --verbose=1
/opt/zephyr-sdk/sysroots/x86_64-pokysdk-linux/usr/bin/arm-zephyr-eabi/arm-zephyr-eabi-gcc  -Dcheck_static -nostartfiles -nostdlib -isystem "/opt/zephyr-sdk/sysroots/x86_64-pokysdk-linux/usr/lib/arm-zephyr-eabi/gcc/arm-zephyr-eabi/6.2.0/include" -isystem "/opt/zephyr-sdk/sysroots/x86_64-pokysdk-linux/usr/lib/arm-zephyr-eabi/gcc/arm-zephyr-eabi/6.2.0/include-fixed" -Wl,--unresolved-symbols=ignore-in-object-files -static    CMakeFiles/cmTC_1416a.dir/src.c.obj  -o cmTC_1416a 
/opt/zephyr-sdk/sysroots/x86_64-pokysdk-linux/usr/libexec/arm-zephyr-eabi/gcc/arm-zephyr-eabi/6.2.0/real-ld: warning: cannot find entry symbol _start; defaulting to 0000000000008024
make[1]: Leaving directory `/home/israel/Dropbox/Ufal/2017.2/SE/06_Projeto/build/CMakeFiles/CMakeTmp'

Source file was:
int main(void) { return 0; }
Performing C SOURCE FILE Test check_no_pie succeeded with the following output:
Change Dir: /home/israel/Dropbox/Ufal/2017.2/SE/06_Projeto/build/CMakeFiles/CMakeTmp

Run Build Command:"/usr/bin/make" "cmTC_22f6b/fast"
/usr/bin/make -f CMakeFiles/cmTC_22f6b.dir/build.make CMakeFiles/cmTC_22f6b.dir/build
make[1]: Entering directory `/home/israel/Dropbox/Ufal/2017.2/SE/06_Projeto/build/CMakeFiles/CMakeTmp'
Building C object CMakeFiles/cmTC_22f6b.dir/src.c.obj
/opt/zephyr-sdk/sysroots/x86_64-pokysdk-linux/usr/bin/arm-zephyr-eabi/arm-zephyr-eabi-gcc   -Dcheck_no_pie -nostartfiles -nostdlib -isystem "/opt/zephyr-sdk/sysroots/x86_64-pokysdk-linux/usr/lib/arm-zephyr-eabi/gcc/arm-zephyr-eabi/6.2.0/include" -isystem "/opt/zephyr-sdk/sysroots/x86_64-pokysdk-linux/usr/lib/arm-zephyr-eabi/gcc/arm-zephyr-eabi/6.2.0/include-fixed" -Wl,--unresolved-symbols=ignore-in-object-files -no-pie   -o CMakeFiles/cmTC_22f6b.dir/src.c.obj   -c /home/israel/Dropbox/Ufal/2017.2/SE/06_Projeto/build/CMakeFiles/CMakeTmp/src.c
Linking C executable cmTC_22f6b
/usr/local/bin/cmake -E cmake_link_script CMakeFiles/cmTC_22f6b.dir/link.txt --verbose=1
/opt/zephyr-sdk/sysroots/x86_64-pokysdk-linux/usr/bin/arm-zephyr-eabi/arm-zephyr-eabi-gcc  -Dcheck_no_pie -nostartfiles -nostdlib -isystem "/opt/zephyr-sdk/sysroots/x86_64-pokysdk-linux/usr/lib/arm-zephyr-eabi/gcc/arm-zephyr-eabi/6.2.0/include" -isystem "/opt/zephyr-sdk/sysroots/x86_64-pokysdk-linux/usr/lib/arm-zephyr-eabi/gcc/arm-zephyr-eabi/6.2.0/include-fixed" -Wl,--unresolved-symbols=ignore-in-object-files -no-pie    CMakeFiles/cmTC_22f6b.dir/src.c.obj  -o cmTC_22f6b 
/opt/zephyr-sdk/sysroots/x86_64-pokysdk-linux/usr/libexec/arm-zephyr-eabi/gcc/arm-zephyr-eabi/6.2.0/real-ld: warning: cannot find entry symbol _start; defaulting to 0000000000008024
make[1]: Leaving directory `/home/israel/Dropbox/Ufal/2017.2/SE/06_Projeto/build/CMakeFiles/CMakeTmp'

Source file was:
int main(void) { return 0; }
Performing C SOURCE FILE Test check_fno_asynchronous_unwind_tables_C succeeded with the following output:
Change Dir: /home/israel/Dropbox/Ufal/2017.2/SE/06_Projeto/build/CMakeFiles/CMakeTmp

Run Build Command:"/usr/bin/make" "cmTC_6a7b1/fast"
/usr/bin/make -f CMakeFiles/cmTC_6a7b1.dir/build.make CMakeFiles/cmTC_6a7b1.dir/build
make[1]: Entering directory `/home/israel/Dropbox/Ufal/2017.2/SE/06_Projeto/build/CMakeFiles/CMakeTmp'
Building C object CMakeFiles/cmTC_6a7b1.dir/src.c.obj
/opt/zephyr-sdk/sysroots/x86_64-pokysdk-linux/usr/bin/arm-zephyr-eabi/arm-zephyr-eabi-gcc   -Dcheck_fno_asynchronous_unwind_tables_C -nostartfiles -nostdlib -isystem "/opt/zephyr-sdk/sysroots/x86_64-pokysdk-linux/usr/lib/arm-zephyr-eabi/gcc/arm-zephyr-eabi/6.2.0/include" -isystem "/opt/zephyr-sdk/sysroots/x86_64-pokysdk-linux/usr/lib/arm-zephyr-eabi/gcc/arm-zephyr-eabi/6.2.0/include-fixed" -Wl,--unresolved-symbols=ignore-in-object-files   -fno-asynchronous-unwind-tables -o CMakeFiles/cmTC_6a7b1.dir/src.c.obj   -c /home/israel/Dropbox/Ufal/2017.2/SE/06_Projeto/build/CMakeFiles/CMakeTmp/src.c
Linking C executable cmTC_6a7b1
/usr/local/bin/cmake -E cmake_link_script CMakeFiles/cmTC_6a7b1.dir/link.txt --verbose=1
/opt/zephyr-sdk/sysroots/x86_64-pokysdk-linux/usr/bin/arm-zephyr-eabi/arm-zephyr-eabi-gcc  -Dcheck_fno_asynchronous_unwind_tables_C -nostartfiles -nostdlib -isystem "/opt/zephyr-sdk/sysroots/x86_64-pokysdk-linux/usr/lib/arm-zephyr-eabi/gcc/arm-zephyr-eabi/6.2.0/include" -isystem "/opt/zephyr-sdk/sysroots/x86_64-pokysdk-linux/usr/lib/arm-zephyr-eabi/gcc/arm-zephyr-eabi/6.2.0/include-fixed" -Wl,--unresolved-symbols=ignore-in-object-files    CMakeFiles/cmTC_6a7b1.dir/src.c.obj  -o cmTC_6a7b1 
/opt/zephyr-sdk/sysroots/x86_64-pokysdk-linux/usr/libexec/arm-zephyr-eabi/gcc/arm-zephyr-eabi/6.2.0/real-ld: warning: cannot find entry symbol _start; defaulting to 0000000000008024
make[1]: Leaving directory `/home/israel/Dropbox/Ufal/2017.2/SE/06_Projeto/build/CMakeFiles/CMakeTmp'

Source file was:
int main(void) { return 0; }
Performing C SOURCE FILE Test check_fno_pie_C succeeded with the following output:
Change Dir: /home/israel/Dropbox/Ufal/2017.2/SE/06_Projeto/build/CMakeFiles/CMakeTmp

Run Build Command:"/usr/bin/make" "cmTC_87fff/fast"
/usr/bin/make -f CMakeFiles/cmTC_87fff.dir/build.make CMakeFiles/cmTC_87fff.dir/build
make[1]: Entering directory `/home/israel/Dropbox/Ufal/2017.2/SE/06_Projeto/build/CMakeFiles/CMakeTmp'
Building C object CMakeFiles/cmTC_87fff.dir/src.c.obj
/opt/zephyr-sdk/sysroots/x86_64-pokysdk-linux/usr/bin/arm-zephyr-eabi/arm-zephyr-eabi-gcc   -Dcheck_fno_pie_C -nostartfiles -nostdlib -isystem "/opt/zephyr-sdk/sysroots/x86_64-pokysdk-linux/usr/lib/arm-zephyr-eabi/gcc/arm-zephyr-eabi/6.2.0/include" -isystem "/opt/zephyr-sdk/sysroots/x86_64-pokysdk-linux/usr/lib/arm-zephyr-eabi/gcc/arm-zephyr-eabi/6.2.0/include-fixed" -Wl,--unresolved-symbols=ignore-in-object-files   -fno-pie -o CMakeFiles/cmTC_87fff.dir/src.c.obj   -c /home/israel/Dropbox/Ufal/2017.2/SE/06_Projeto/build/CMakeFiles/CMakeTmp/src.c
Linking C executable cmTC_87fff
/usr/local/bin/cmake -E cmake_link_script CMakeFiles/cmTC_87fff.dir/link.txt --verbose=1
/opt/zephyr-sdk/sysroots/x86_64-pokysdk-linux/usr/bin/arm-zephyr-eabi/arm-zephyr-eabi-gcc  -Dcheck_fno_pie_C -nostartfiles -nostdlib -isystem "/opt/zephyr-sdk/sysroots/x86_64-pokysdk-linux/usr/lib/arm-zephyr-eabi/gcc/arm-zephyr-eabi/6.2.0/include" -isystem "/opt/zephyr-sdk/sysroots/x86_64-pokysdk-linux/usr/lib/arm-zephyr-eabi/gcc/arm-zephyr-eabi/6.2.0/include-fixed" -Wl,--unresolved-symbols=ignore-in-object-files    CMakeFiles/cmTC_87fff.dir/src.c.obj  -o cmTC_87fff 
/opt/zephyr-sdk/sysroots/x86_64-pokysdk-linux/usr/libexec/arm-zephyr-eabi/gcc/arm-zephyr-eabi/6.2.0/real-ld: warning: cannot find entry symbol _start; defaulting to 0000000000008024
make[1]: Leaving directory `/home/israel/Dropbox/Ufal/2017.2/SE/06_Projeto/build/CMakeFiles/CMakeTmp'

Source file was:
int main(void) { return 0; }
Performing C SOURCE FILE Test check_fno_pic_C succeeded with the following output:
Change Dir: /home/israel/Dropbox/Ufal/2017.2/SE/06_Projeto/build/CMakeFiles/CMakeTmp

Run Build Command:"/usr/bin/make" "cmTC_1c4c0/fast"
/usr/bin/make -f CMakeFiles/cmTC_1c4c0.dir/build.make CMakeFiles/cmTC_1c4c0.dir/build
make[1]: Entering directory `/home/israel/Dropbox/Ufal/2017.2/SE/06_Projeto/build/CMakeFiles/CMakeTmp'
Building C object CMakeFiles/cmTC_1c4c0.dir/src.c.obj
/opt/zephyr-sdk/sysroots/x86_64-pokysdk-linux/usr/bin/arm-zephyr-eabi/arm-zephyr-eabi-gcc   -Dcheck_fno_pic_C -nostartfiles -nostdlib -isystem "/opt/zephyr-sdk/sysroots/x86_64-pokysdk-linux/usr/lib/arm-zephyr-eabi/gcc/arm-zephyr-eabi/6.2.0/include" -isystem "/opt/zephyr-sdk/sysroots/x86_64-pokysdk-linux/usr/lib/arm-zephyr-eabi/gcc/arm-zephyr-eabi/6.2.0/include-fixed" -Wl,--unresolved-symbols=ignore-in-object-files   -fno-pic -o CMakeFiles/cmTC_1c4c0.dir/src.c.obj   -c /home/israel/Dropbox/Ufal/2017.2/SE/06_Projeto/build/CMakeFiles/CMakeTmp/src.c
Linking C executable cmTC_1c4c0
/usr/local/bin/cmake -E cmake_link_script CMakeFiles/cmTC_1c4c0.dir/link.txt --verbose=1
/opt/zephyr-sdk/sysroots/x86_64-pokysdk-linux/usr/bin/arm-zephyr-eabi/arm-zephyr-eabi-gcc  -Dcheck_fno_pic_C -nostartfiles -nostdlib -isystem "/opt/zephyr-sdk/sysroots/x86_64-pokysdk-linux/usr/lib/arm-zephyr-eabi/gcc/arm-zephyr-eabi/6.2.0/include" -isystem "/opt/zephyr-sdk/sysroots/x86_64-pokysdk-linux/usr/lib/arm-zephyr-eabi/gcc/arm-zephyr-eabi/6.2.0/include-fixed" -Wl,--unresolved-symbols=ignore-in-object-files    CMakeFiles/cmTC_1c4c0.dir/src.c.obj  -o cmTC_1c4c0 
/opt/zephyr-sdk/sysroots/x86_64-pokysdk-linux/usr/libexec/arm-zephyr-eabi/gcc/arm-zephyr-eabi/6.2.0/real-ld: warning: cannot find entry symbol _start; defaulting to 0000000000008024
make[1]: Leaving directory `/home/israel/Dropbox/Ufal/2017.2/SE/06_Projeto/build/CMakeFiles/CMakeTmp'

Source file was:
int main(void) { return 0; }
Performing C SOURCE FILE Test check_fno_strict_overflow_C succeeded with the following output:
Change Dir: /home/israel/Dropbox/Ufal/2017.2/SE/06_Projeto/build/CMakeFiles/CMakeTmp

Run Build Command:"/usr/bin/make" "cmTC_14a8b/fast"
/usr/bin/make -f CMakeFiles/cmTC_14a8b.dir/build.make CMakeFiles/cmTC_14a8b.dir/build
make[1]: Entering directory `/home/israel/Dropbox/Ufal/2017.2/SE/06_Projeto/build/CMakeFiles/CMakeTmp'
Building C object CMakeFiles/cmTC_14a8b.dir/src.c.obj
/opt/zephyr-sdk/sysroots/x86_64-pokysdk-linux/usr/bin/arm-zephyr-eabi/arm-zephyr-eabi-gcc   -Dcheck_fno_strict_overflow_C -nostartfiles -nostdlib -isystem "/opt/zephyr-sdk/sysroots/x86_64-pokysdk-linux/usr/lib/arm-zephyr-eabi/gcc/arm-zephyr-eabi/6.2.0/include" -isystem "/opt/zephyr-sdk/sysroots/x86_64-pokysdk-linux/usr/lib/arm-zephyr-eabi/gcc/arm-zephyr-eabi/6.2.0/include-fixed" -Wl,--unresolved-symbols=ignore-in-object-files   -fno-strict-overflow -o CMakeFiles/cmTC_14a8b.dir/src.c.obj   -c /home/israel/Dropbox/Ufal/2017.2/SE/06_Projeto/build/CMakeFiles/CMakeTmp/src.c
Linking C executable cmTC_14a8b
/usr/local/bin/cmake -E cmake_link_script CMakeFiles/cmTC_14a8b.dir/link.txt --verbose=1
/opt/zephyr-sdk/sysroots/x86_64-pokysdk-linux/usr/bin/arm-zephyr-eabi/arm-zephyr-eabi-gcc  -Dcheck_fno_strict_overflow_C -nostartfiles -nostdlib -isystem "/opt/zephyr-sdk/sysroots/x86_64-pokysdk-linux/usr/lib/arm-zephyr-eabi/gcc/arm-zephyr-eabi/6.2.0/include" -isystem "/opt/zephyr-sdk/sysroots/x86_64-pokysdk-linux/usr/lib/arm-zephyr-eabi/gcc/arm-zephyr-eabi/6.2.0/include-fixed" -Wl,--unresolved-symbols=ignore-in-object-files    CMakeFiles/cmTC_14a8b.dir/src.c.obj  -o cmTC_14a8b 
/opt/zephyr-sdk/sysroots/x86_64-pokysdk-linux/usr/libexec/arm-zephyr-eabi/gcc/arm-zephyr-eabi/6.2.0/real-ld: warning: cannot find entry symbol _start; defaulting to 0000000000008024
make[1]: Leaving directory `/home/israel/Dropbox/Ufal/2017.2/SE/06_Projeto/build/CMakeFiles/CMakeTmp'

Source file was:
int main(void) { return 0; }
Performing C SOURCE FILE Test check_Wno_pointer_sign_C succeeded with the following output:
Change Dir: /home/israel/Dropbox/Ufal/2017.2/SE/06_Projeto/build/CMakeFiles/CMakeTmp

Run Build Command:"/usr/bin/make" "cmTC_85d2f/fast"
/usr/bin/make -f CMakeFiles/cmTC_85d2f.dir/build.make CMakeFiles/cmTC_85d2f.dir/build
make[1]: Entering directory `/home/israel/Dropbox/Ufal/2017.2/SE/06_Projeto/build/CMakeFiles/CMakeTmp'
Building C object CMakeFiles/cmTC_85d2f.dir/src.c.obj
/opt/zephyr-sdk/sysroots/x86_64-pokysdk-linux/usr/bin/arm-zephyr-eabi/arm-zephyr-eabi-gcc   -Dcheck_Wno_pointer_sign_C -nostartfiles -nostdlib -isystem "/opt/zephyr-sdk/sysroots/x86_64-pokysdk-linux/usr/lib/arm-zephyr-eabi/gcc/arm-zephyr-eabi/6.2.0/include" -isystem "/opt/zephyr-sdk/sysroots/x86_64-pokysdk-linux/usr/lib/arm-zephyr-eabi/gcc/arm-zephyr-eabi/6.2.0/include-fixed" -Wl,--unresolved-symbols=ignore-in-object-files   -Wno-pointer-sign -o CMakeFiles/cmTC_85d2f.dir/src.c.obj   -c /home/israel/Dropbox/Ufal/2017.2/SE/06_Projeto/build/CMakeFiles/CMakeTmp/src.c
Linking C executable cmTC_85d2f
/usr/local/bin/cmake -E cmake_link_script CMakeFiles/cmTC_85d2f.dir/link.txt --verbose=1
/opt/zephyr-sdk/sysroots/x86_64-pokysdk-linux/usr/bin/arm-zephyr-eabi/arm-zephyr-eabi-gcc  -Dcheck_Wno_pointer_sign_C -nostartfiles -nostdlib -isystem "/opt/zephyr-sdk/sysroots/x86_64-pokysdk-linux/usr/lib/arm-zephyr-eabi/gcc/arm-zephyr-eabi/6.2.0/include" -isystem "/opt/zephyr-sdk/sysroots/x86_64-pokysdk-linux/usr/lib/arm-zephyr-eabi/gcc/arm-zephyr-eabi/6.2.0/include-fixed" -Wl,--unresolved-symbols=ignore-in-object-files    CMakeFiles/cmTC_85d2f.dir/src.c.obj  -o cmTC_85d2f 
/opt/zephyr-sdk/sysroots/x86_64-pokysdk-linux/usr/libexec/arm-zephyr-eabi/gcc/arm-zephyr-eabi/6.2.0/real-ld: warning: cannot find entry symbol _start; defaulting to 0000000000008024
make[1]: Leaving directory `/home/israel/Dropbox/Ufal/2017.2/SE/06_Projeto/build/CMakeFiles/CMakeTmp'

Source file was:
int main(void) { return 0; }
Performing C SOURCE FILE Test check_Wno_unused_but_set_variable_C succeeded with the following output:
Change Dir: /home/israel/Dropbox/Ufal/2017.2/SE/06_Projeto/build/CMakeFiles/CMakeTmp

Run Build Command:"/usr/bin/make" "cmTC_51fae/fast"
/usr/bin/make -f CMakeFiles/cmTC_51fae.dir/build.make CMakeFiles/cmTC_51fae.dir/build
make[1]: Entering directory `/home/israel/Dropbox/Ufal/2017.2/SE/06_Projeto/build/CMakeFiles/CMakeTmp'
Building C object CMakeFiles/cmTC_51fae.dir/src.c.obj
/opt/zephyr-sdk/sysroots/x86_64-pokysdk-linux/usr/bin/arm-zephyr-eabi/arm-zephyr-eabi-gcc   -Dcheck_Wno_unused_but_set_variable_C -nostartfiles -nostdlib -isystem "/opt/zephyr-sdk/sysroots/x86_64-pokysdk-linux/usr/lib/arm-zephyr-eabi/gcc/arm-zephyr-eabi/6.2.0/include" -isystem "/opt/zephyr-sdk/sysroots/x86_64-pokysdk-linux/usr/lib/arm-zephyr-eabi/gcc/arm-zephyr-eabi/6.2.0/include-fixed" -Wl,--unresolved-symbols=ignore-in-object-files   -Wno-unused-but-set-variable -o CMakeFiles/cmTC_51fae.dir/src.c.obj   -c /home/israel/Dropbox/Ufal/2017.2/SE/06_Projeto/build/CMakeFiles/CMakeTmp/src.c
Linking C executable cmTC_51fae
/usr/local/bin/cmake -E cmake_link_script CMakeFiles/cmTC_51fae.dir/link.txt --verbose=1
/opt/zephyr-sdk/sysroots/x86_64-pokysdk-linux/usr/bin/arm-zephyr-eabi/arm-zephyr-eabi-gcc  -Dcheck_Wno_unused_but_set_variable_C -nostartfiles -nostdlib -isystem "/opt/zephyr-sdk/sysroots/x86_64-pokysdk-linux/usr/lib/arm-zephyr-eabi/gcc/arm-zephyr-eabi/6.2.0/include" -isystem "/opt/zephyr-sdk/sysroots/x86_64-pokysdk-linux/usr/lib/arm-zephyr-eabi/gcc/arm-zephyr-eabi/6.2.0/include-fixed" -Wl,--unresolved-symbols=ignore-in-object-files    CMakeFiles/cmTC_51fae.dir/src.c.obj  -o cmTC_51fae 
/opt/zephyr-sdk/sysroots/x86_64-pokysdk-linux/usr/libexec/arm-zephyr-eabi/gcc/arm-zephyr-eabi/6.2.0/real-ld: warning: cannot find entry symbol _start; defaulting to 0000000000008024
make[1]: Leaving directory `/home/israel/Dropbox/Ufal/2017.2/SE/06_Projeto/build/CMakeFiles/CMakeTmp'

Source file was:
int main(void) { return 0; }
Performing C SOURCE FILE Test check_fno_reorder_functions_C succeeded with the following output:
Change Dir: /home/israel/Dropbox/Ufal/2017.2/SE/06_Projeto/build/CMakeFiles/CMakeTmp

Run Build Command:"/usr/bin/make" "cmTC_740fa/fast"
/usr/bin/make -f CMakeFiles/cmTC_740fa.dir/build.make CMakeFiles/cmTC_740fa.dir/build
make[1]: Entering directory `/home/israel/Dropbox/Ufal/2017.2/SE/06_Projeto/build/CMakeFiles/CMakeTmp'
Building C object CMakeFiles/cmTC_740fa.dir/src.c.obj
/opt/zephyr-sdk/sysroots/x86_64-pokysdk-linux/usr/bin/arm-zephyr-eabi/arm-zephyr-eabi-gcc   -Dcheck_fno_reorder_functions_C -nostartfiles -nostdlib -isystem "/opt/zephyr-sdk/sysroots/x86_64-pokysdk-linux/usr/lib/arm-zephyr-eabi/gcc/arm-zephyr-eabi/6.2.0/include" -isystem "/opt/zephyr-sdk/sysroots/x86_64-pokysdk-linux/usr/lib/arm-zephyr-eabi/gcc/arm-zephyr-eabi/6.2.0/include-fixed" -Wl,--unresolved-symbols=ignore-in-object-files   -fno-reorder-functions -o CMakeFiles/cmTC_740fa.dir/src.c.obj   -c /home/israel/Dropbox/Ufal/2017.2/SE/06_Projeto/build/CMakeFiles/CMakeTmp/src.c
Linking C executable cmTC_740fa
/usr/local/bin/cmake -E cmake_link_script CMakeFiles/cmTC_740fa.dir/link.txt --verbose=1
/opt/zephyr-sdk/sysroots/x86_64-pokysdk-linux/usr/bin/arm-zephyr-eabi/arm-zephyr-eabi-gcc  -Dcheck_fno_reorder_functions_C -nostartfiles -nostdlib -isystem "/opt/zephyr-sdk/sysroots/x86_64-pokysdk-linux/usr/lib/arm-zephyr-eabi/gcc/arm-zephyr-eabi/6.2.0/include" -isystem "/opt/zephyr-sdk/sysroots/x86_64-pokysdk-linux/usr/lib/arm-zephyr-eabi/gcc/arm-zephyr-eabi/6.2.0/include-fixed" -Wl,--unresolved-symbols=ignore-in-object-files    CMakeFiles/cmTC_740fa.dir/src.c.obj  -o cmTC_740fa 
/opt/zephyr-sdk/sysroots/x86_64-pokysdk-linux/usr/libexec/arm-zephyr-eabi/gcc/arm-zephyr-eabi/6.2.0/real-ld: warning: cannot find entry symbol _start; defaulting to 0000000000008024
make[1]: Leaving directory `/home/israel/Dropbox/Ufal/2017.2/SE/06_Projeto/build/CMakeFiles/CMakeTmp'

Source file was:
int main(void) { return 0; }
Performing C SOURCE FILE Test check_fno_defer_pop_C succeeded with the following output:
Change Dir: /home/israel/Dropbox/Ufal/2017.2/SE/06_Projeto/build/CMakeFiles/CMakeTmp

Run Build Command:"/usr/bin/make" "cmTC_8cb6c/fast"
/usr/bin/make -f CMakeFiles/cmTC_8cb6c.dir/build.make CMakeFiles/cmTC_8cb6c.dir/build
make[1]: Entering directory `/home/israel/Dropbox/Ufal/2017.2/SE/06_Projeto/build/CMakeFiles/CMakeTmp'
Building C object CMakeFiles/cmTC_8cb6c.dir/src.c.obj
/opt/zephyr-sdk/sysroots/x86_64-pokysdk-linux/usr/bin/arm-zephyr-eabi/arm-zephyr-eabi-gcc   -Dcheck_fno_defer_pop_C -nostartfiles -nostdlib -isystem "/opt/zephyr-sdk/sysroots/x86_64-pokysdk-linux/usr/lib/arm-zephyr-eabi/gcc/arm-zephyr-eabi/6.2.0/include" -isystem "/opt/zephyr-sdk/sysroots/x86_64-pokysdk-linux/usr/lib/arm-zephyr-eabi/gcc/arm-zephyr-eabi/6.2.0/include-fixed" -Wl,--unresolved-symbols=ignore-in-object-files   -fno-defer-pop -o CMakeFiles/cmTC_8cb6c.dir/src.c.obj   -c /home/israel/Dropbox/Ufal/2017.2/SE/06_Projeto/build/CMakeFiles/CMakeTmp/src.c
Linking C executable cmTC_8cb6c
/usr/local/bin/cmake -E cmake_link_script CMakeFiles/cmTC_8cb6c.dir/link.txt --verbose=1
/opt/zephyr-sdk/sysroots/x86_64-pokysdk-linux/usr/bin/arm-zephyr-eabi/arm-zephyr-eabi-gcc  -Dcheck_fno_defer_pop_C -nostartfiles -nostdlib -isystem "/opt/zephyr-sdk/sysroots/x86_64-pokysdk-linux/usr/lib/arm-zephyr-eabi/gcc/arm-zephyr-eabi/6.2.0/include" -isystem "/opt/zephyr-sdk/sysroots/x86_64-pokysdk-linux/usr/lib/arm-zephyr-eabi/gcc/arm-zephyr-eabi/6.2.0/include-fixed" -Wl,--unresolved-symbols=ignore-in-object-files    CMakeFiles/cmTC_8cb6c.dir/src.c.obj  -o cmTC_8cb6c 
/opt/zephyr-sdk/sysroots/x86_64-pokysdk-linux/usr/libexec/arm-zephyr-eabi/gcc/arm-zephyr-eabi/6.2.0/real-ld: warning: cannot find entry symbol _start; defaulting to 0000000000008024
make[1]: Leaving directory `/home/israel/Dropbox/Ufal/2017.2/SE/06_Projeto/build/CMakeFiles/CMakeTmp'

Source file was:
int main(void) { return 0; }
Performing C SOURCE FILE Test check_Werror_implicit_int_C succeeded with the following output:
Change Dir: /home/israel/Dropbox/Ufal/2017.2/SE/06_Projeto/build/CMakeFiles/CMakeTmp

Run Build Command:"/usr/bin/make" "cmTC_98944/fast"
/usr/bin/make -f CMakeFiles/cmTC_98944.dir/build.make CMakeFiles/cmTC_98944.dir/build
make[1]: Entering directory `/home/israel/Dropbox/Ufal/2017.2/SE/06_Projeto/build/CMakeFiles/CMakeTmp'
Building C object CMakeFiles/cmTC_98944.dir/src.c.obj
/opt/zephyr-sdk/sysroots/x86_64-pokysdk-linux/usr/bin/arm-zephyr-eabi/arm-zephyr-eabi-gcc   -Dcheck_Werror_implicit_int_C -nostartfiles -nostdlib -isystem "/opt/zephyr-sdk/sysroots/x86_64-pokysdk-linux/usr/lib/arm-zephyr-eabi/gcc/arm-zephyr-eabi/6.2.0/include" -isystem "/opt/zephyr-sdk/sysroots/x86_64-pokysdk-linux/usr/lib/arm-zephyr-eabi/gcc/arm-zephyr-eabi/6.2.0/include-fixed" -Wl,--unresolved-symbols=ignore-in-object-files   -Werror=implicit-int -o CMakeFiles/cmTC_98944.dir/src.c.obj   -c /home/israel/Dropbox/Ufal/2017.2/SE/06_Projeto/build/CMakeFiles/CMakeTmp/src.c
Linking C executable cmTC_98944
/usr/local/bin/cmake -E cmake_link_script CMakeFiles/cmTC_98944.dir/link.txt --verbose=1
/opt/zephyr-sdk/sysroots/x86_64-pokysdk-linux/usr/bin/arm-zephyr-eabi/arm-zephyr-eabi-gcc  -Dcheck_Werror_implicit_int_C -nostartfiles -nostdlib -isystem "/opt/zephyr-sdk/sysroots/x86_64-pokysdk-linux/usr/lib/arm-zephyr-eabi/gcc/arm-zephyr-eabi/6.2.0/include" -isystem "/opt/zephyr-sdk/sysroots/x86_64-pokysdk-linux/usr/lib/arm-zephyr-eabi/gcc/arm-zephyr-eabi/6.2.0/include-fixed" -Wl,--unresolved-symbols=ignore-in-object-files    CMakeFiles/cmTC_98944.dir/src.c.obj  -o cmTC_98944 
/opt/zephyr-sdk/sysroots/x86_64-pokysdk-linux/usr/libexec/arm-zephyr-eabi/gcc/arm-zephyr-eabi/6.2.0/real-ld: warning: cannot find entry symbol _start; defaulting to 0000000000008024
make[1]: Leaving directory `/home/israel/Dropbox/Ufal/2017.2/SE/06_Projeto/build/CMakeFiles/CMakeTmp'

Source file was:
int main(void) { return 0; }
Performing C SOURCE FILE Test check_Wl__X succeeded with the following output:
Change Dir: /home/israel/Dropbox/Ufal/2017.2/SE/06_Projeto/build/CMakeFiles/CMakeTmp

Run Build Command:"/usr/bin/make" "cmTC_2872d/fast"
/usr/bin/make -f CMakeFiles/cmTC_2872d.dir/build.make CMakeFiles/cmTC_2872d.dir/build
make[1]: Entering directory `/home/israel/Dropbox/Ufal/2017.2/SE/06_Projeto/build/CMakeFiles/CMakeTmp'
Building C object CMakeFiles/cmTC_2872d.dir/src.c.obj
/opt/zephyr-sdk/sysroots/x86_64-pokysdk-linux/usr/bin/arm-zephyr-eabi/arm-zephyr-eabi-gcc   -Dcheck_Wl__X -nostartfiles -nostdlib -isystem "/opt/zephyr-sdk/sysroots/x86_64-pokysdk-linux/usr/lib/arm-zephyr-eabi/gcc/arm-zephyr-eabi/6.2.0/include" -isystem "/opt/zephyr-sdk/sysroots/x86_64-pokysdk-linux/usr/lib/arm-zephyr-eabi/gcc/arm-zephyr-eabi/6.2.0/include-fixed" -Wl,--unresolved-symbols=ignore-in-object-files -Wl,-X   -o CMakeFiles/cmTC_2872d.dir/src.c.obj   -c /home/israel/Dropbox/Ufal/2017.2/SE/06_Projeto/build/CMakeFiles/CMakeTmp/src.c
Linking C executable cmTC_2872d
/usr/local/bin/cmake -E cmake_link_script CMakeFiles/cmTC_2872d.dir/link.txt --verbose=1
/opt/zephyr-sdk/sysroots/x86_64-pokysdk-linux/usr/bin/arm-zephyr-eabi/arm-zephyr-eabi-gcc  -Dcheck_Wl__X -nostartfiles -nostdlib -isystem "/opt/zephyr-sdk/sysroots/x86_64-pokysdk-linux/usr/lib/arm-zephyr-eabi/gcc/arm-zephyr-eabi/6.2.0/include" -isystem "/opt/zephyr-sdk/sysroots/x86_64-pokysdk-linux/usr/lib/arm-zephyr-eabi/gcc/arm-zephyr-eabi/6.2.0/include-fixed" -Wl,--unresolved-symbols=ignore-in-object-files -Wl,-X    CMakeFiles/cmTC_2872d.dir/src.c.obj  -o cmTC_2872d 
/opt/zephyr-sdk/sysroots/x86_64-pokysdk-linux/usr/libexec/arm-zephyr-eabi/gcc/arm-zephyr-eabi/6.2.0/real-ld: warning: cannot find entry symbol _start; defaulting to 0000000000008024
make[1]: Leaving directory `/home/israel/Dropbox/Ufal/2017.2/SE/06_Projeto/build/CMakeFiles/CMakeTmp'

Source file was:
int main(void) { return 0; }
Performing C SOURCE FILE Test check_Wl__N succeeded with the following output:
Change Dir: /home/israel/Dropbox/Ufal/2017.2/SE/06_Projeto/build/CMakeFiles/CMakeTmp

Run Build Command:"/usr/bin/make" "cmTC_c3ad8/fast"
/usr/bin/make -f CMakeFiles/cmTC_c3ad8.dir/build.make CMakeFiles/cmTC_c3ad8.dir/build
make[1]: Entering directory `/home/israel/Dropbox/Ufal/2017.2/SE/06_Projeto/build/CMakeFiles/CMakeTmp'
Building C object CMakeFiles/cmTC_c3ad8.dir/src.c.obj
/opt/zephyr-sdk/sysroots/x86_64-pokysdk-linux/usr/bin/arm-zephyr-eabi/arm-zephyr-eabi-gcc   -Dcheck_Wl__N -nostartfiles -nostdlib -isystem "/opt/zephyr-sdk/sysroots/x86_64-pokysdk-linux/usr/lib/arm-zephyr-eabi/gcc/arm-zephyr-eabi/6.2.0/include" -isystem "/opt/zephyr-sdk/sysroots/x86_64-pokysdk-linux/usr/lib/arm-zephyr-eabi/gcc/arm-zephyr-eabi/6.2.0/include-fixed" -Wl,--unresolved-symbols=ignore-in-object-files -Wl,-N   -o CMakeFiles/cmTC_c3ad8.dir/src.c.obj   -c /home/israel/Dropbox/Ufal/2017.2/SE/06_Projeto/build/CMakeFiles/CMakeTmp/src.c
Linking C executable cmTC_c3ad8
/usr/local/bin/cmake -E cmake_link_script CMakeFiles/cmTC_c3ad8.dir/link.txt --verbose=1
/opt/zephyr-sdk/sysroots/x86_64-pokysdk-linux/usr/bin/arm-zephyr-eabi/arm-zephyr-eabi-gcc  -Dcheck_Wl__N -nostartfiles -nostdlib -isystem "/opt/zephyr-sdk/sysroots/x86_64-pokysdk-linux/usr/lib/arm-zephyr-eabi/gcc/arm-zephyr-eabi/6.2.0/include" -isystem "/opt/zephyr-sdk/sysroots/x86_64-pokysdk-linux/usr/lib/arm-zephyr-eabi/gcc/arm-zephyr-eabi/6.2.0/include-fixed" -Wl,--unresolved-symbols=ignore-in-object-files -Wl,-N    CMakeFiles/cmTC_c3ad8.dir/src.c.obj  -o cmTC_c3ad8 
/opt/zephyr-sdk/sysroots/x86_64-pokysdk-linux/usr/libexec/arm-zephyr-eabi/gcc/arm-zephyr-eabi/6.2.0/real-ld: warning: cannot find entry symbol _start; defaulting to 0000000000008024
make[1]: Leaving directory `/home/israel/Dropbox/Ufal/2017.2/SE/06_Projeto/build/CMakeFiles/CMakeTmp'

Source file was:
int main(void) { return 0; }
Performing C SOURCE FILE Test check_Wl___gc_sections succeeded with the following output:
Change Dir: /home/israel/Dropbox/Ufal/2017.2/SE/06_Projeto/build/CMakeFiles/CMakeTmp

Run Build Command:"/usr/bin/make" "cmTC_5b487/fast"
/usr/bin/make -f CMakeFiles/cmTC_5b487.dir/build.make CMakeFiles/cmTC_5b487.dir/build
make[1]: Entering directory `/home/israel/Dropbox/Ufal/2017.2/SE/06_Projeto/build/CMakeFiles/CMakeTmp'
Building C object CMakeFiles/cmTC_5b487.dir/src.c.obj
/opt/zephyr-sdk/sysroots/x86_64-pokysdk-linux/usr/bin/arm-zephyr-eabi/arm-zephyr-eabi-gcc   -Dcheck_Wl___gc_sections -nostartfiles -nostdlib -isystem "/opt/zephyr-sdk/sysroots/x86_64-pokysdk-linux/usr/lib/arm-zephyr-eabi/gcc/arm-zephyr-eabi/6.2.0/include" -isystem "/opt/zephyr-sdk/sysroots/x86_64-pokysdk-linux/usr/lib/arm-zephyr-eabi/gcc/arm-zephyr-eabi/6.2.0/include-fixed" -Wl,--unresolved-symbols=ignore-in-object-files -Wl,--gc-sections   -o CMakeFiles/cmTC_5b487.dir/src.c.obj   -c /home/israel/Dropbox/Ufal/2017.2/SE/06_Projeto/build/CMakeFiles/CMakeTmp/src.c
Linking C executable cmTC_5b487
/usr/local/bin/cmake -E cmake_link_script CMakeFiles/cmTC_5b487.dir/link.txt --verbose=1
/opt/zephyr-sdk/sysroots/x86_64-pokysdk-linux/usr/bin/arm-zephyr-eabi/arm-zephyr-eabi-gcc  -Dcheck_Wl___gc_sections -nostartfiles -nostdlib -isystem "/opt/zephyr-sdk/sysroots/x86_64-pokysdk-linux/usr/lib/arm-zephyr-eabi/gcc/arm-zephyr-eabi/6.2.0/include" -isystem "/opt/zephyr-sdk/sysroots/x86_64-pokysdk-linux/usr/lib/arm-zephyr-eabi/gcc/arm-zephyr-eabi/6.2.0/include-fixed" -Wl,--unresolved-symbols=ignore-in-object-files -Wl,--gc-sections    CMakeFiles/cmTC_5b487.dir/src.c.obj  -o cmTC_5b487 
/opt/zephyr-sdk/sysroots/x86_64-pokysdk-linux/usr/libexec/arm-zephyr-eabi/gcc/arm-zephyr-eabi/6.2.0/real-ld: warning: cannot find entry symbol _start; defaulting to 0000000000008024
make[1]: Leaving directory `/home/israel/Dropbox/Ufal/2017.2/SE/06_Projeto/build/CMakeFiles/CMakeTmp'

Source file was:
int main(void) { return 0; }
Performing C SOURCE FILE Test check_Wl___build_id_none succeeded with the following output:
Change Dir: /home/israel/Dropbox/Ufal/2017.2/SE/06_Projeto/build/CMakeFiles/CMakeTmp

Run Build Command:"/usr/bin/make" "cmTC_dfb68/fast"
/usr/bin/make -f CMakeFiles/cmTC_dfb68.dir/build.make CMakeFiles/cmTC_dfb68.dir/build
make[1]: Entering directory `/home/israel/Dropbox/Ufal/2017.2/SE/06_Projeto/build/CMakeFiles/CMakeTmp'
Building C object CMakeFiles/cmTC_dfb68.dir/src.c.obj
/opt/zephyr-sdk/sysroots/x86_64-pokysdk-linux/usr/bin/arm-zephyr-eabi/arm-zephyr-eabi-gcc   -Dcheck_Wl___build_id_none -nostartfiles -nostdlib -isystem "/opt/zephyr-sdk/sysroots/x86_64-pokysdk-linux/usr/lib/arm-zephyr-eabi/gcc/arm-zephyr-eabi/6.2.0/include" -isystem "/opt/zephyr-sdk/sysroots/x86_64-pokysdk-linux/usr/lib/arm-zephyr-eabi/gcc/arm-zephyr-eabi/6.2.0/include-fixed" -Wl,--unresolved-symbols=ignore-in-object-files -Wl,--build-id=none   -o CMakeFiles/cmTC_dfb68.dir/src.c.obj   -c /home/israel/Dropbox/Ufal/2017.2/SE/06_Projeto/build/CMakeFiles/CMakeTmp/src.c
Linking C executable cmTC_dfb68
/usr/local/bin/cmake -E cmake_link_script CMakeFiles/cmTC_dfb68.dir/link.txt --verbose=1
/opt/zephyr-sdk/sysroots/x86_64-pokysdk-linux/usr/bin/arm-zephyr-eabi/arm-zephyr-eabi-gcc  -Dcheck_Wl___build_id_none -nostartfiles -nostdlib -isystem "/opt/zephyr-sdk/sysroots/x86_64-pokysdk-linux/usr/lib/arm-zephyr-eabi/gcc/arm-zephyr-eabi/6.2.0/include" -isystem "/opt/zephyr-sdk/sysroots/x86_64-pokysdk-linux/usr/lib/arm-zephyr-eabi/gcc/arm-zephyr-eabi/6.2.0/include-fixed" -Wl,--unresolved-symbols=ignore-in-object-files -Wl,--build-id=none    CMakeFiles/cmTC_dfb68.dir/src.c.obj  -o cmTC_dfb68 
/opt/zephyr-sdk/sysroots/x86_64-pokysdk-linux/usr/libexec/arm-zephyr-eabi/gcc/arm-zephyr-eabi/6.2.0/real-ld: warning: cannot find entry symbol _start; defaulting to 0000000000008000
make[1]: Leaving directory `/home/israel/Dropbox/Ufal/2017.2/SE/06_Projeto/build/CMakeFiles/CMakeTmp'

Source file was:
int main(void) { return 0; }
Performing C SOURCE FILE Test check_ffunction_sections_C succeeded with the following output:
Change Dir: /home/israel/Dropbox/Ufal/2017.2/SE/06_Projeto/build/CMakeFiles/CMakeTmp

Run Build Command:"/usr/bin/make" "cmTC_7c0f9/fast"
/usr/bin/make -f CMakeFiles/cmTC_7c0f9.dir/build.make CMakeFiles/cmTC_7c0f9.dir/build
make[1]: Entering directory `/home/israel/Dropbox/Ufal/2017.2/SE/06_Projeto/build/CMakeFiles/CMakeTmp'
Building C object CMakeFiles/cmTC_7c0f9.dir/src.c.obj
/opt/zephyr-sdk/sysroots/x86_64-pokysdk-linux/usr/bin/arm-zephyr-eabi/arm-zephyr-eabi-gcc   -Dcheck_ffunction_sections_C -nostartfiles -nostdlib -isystem "/opt/zephyr-sdk/sysroots/x86_64-pokysdk-linux/usr/lib/arm-zephyr-eabi/gcc/arm-zephyr-eabi/6.2.0/include" -isystem "/opt/zephyr-sdk/sysroots/x86_64-pokysdk-linux/usr/lib/arm-zephyr-eabi/gcc/arm-zephyr-eabi/6.2.0/include-fixed" -Wl,--unresolved-symbols=ignore-in-object-files   -ffunction-sections -o CMakeFiles/cmTC_7c0f9.dir/src.c.obj   -c /home/israel/Dropbox/Ufal/2017.2/SE/06_Projeto/build/CMakeFiles/CMakeTmp/src.c
Linking C executable cmTC_7c0f9
/usr/local/bin/cmake -E cmake_link_script CMakeFiles/cmTC_7c0f9.dir/link.txt --verbose=1
/opt/zephyr-sdk/sysroots/x86_64-pokysdk-linux/usr/bin/arm-zephyr-eabi/arm-zephyr-eabi-gcc  -Dcheck_ffunction_sections_C -nostartfiles -nostdlib -isystem "/opt/zephyr-sdk/sysroots/x86_64-pokysdk-linux/usr/lib/arm-zephyr-eabi/gcc/arm-zephyr-eabi/6.2.0/include" -isystem "/opt/zephyr-sdk/sysroots/x86_64-pokysdk-linux/usr/lib/arm-zephyr-eabi/gcc/arm-zephyr-eabi/6.2.0/include-fixed" -Wl,--unresolved-symbols=ignore-in-object-files    CMakeFiles/cmTC_7c0f9.dir/src.c.obj  -o cmTC_7c0f9 
/opt/zephyr-sdk/sysroots/x86_64-pokysdk-linux/usr/libexec/arm-zephyr-eabi/gcc/arm-zephyr-eabi/6.2.0/real-ld: warning: cannot find entry symbol _start; defaulting to 0000000000008024
make[1]: Leaving directory `/home/israel/Dropbox/Ufal/2017.2/SE/06_Projeto/build/CMakeFiles/CMakeTmp'

Source file was:
int main(void) { return 0; }
Performing C SOURCE FILE Test check_fdata_sections_C succeeded with the following output:
Change Dir: /home/israel/Dropbox/Ufal/2017.2/SE/06_Projeto/build/CMakeFiles/CMakeTmp

Run Build Command:"/usr/bin/make" "cmTC_35988/fast"
/usr/bin/make -f CMakeFiles/cmTC_35988.dir/build.make CMakeFiles/cmTC_35988.dir/build
make[1]: Entering directory `/home/israel/Dropbox/Ufal/2017.2/SE/06_Projeto/build/CMakeFiles/CMakeTmp'
Building C object CMakeFiles/cmTC_35988.dir/src.c.obj
/opt/zephyr-sdk/sysroots/x86_64-pokysdk-linux/usr/bin/arm-zephyr-eabi/arm-zephyr-eabi-gcc   -Dcheck_fdata_sections_C -nostartfiles -nostdlib -isystem "/opt/zephyr-sdk/sysroots/x86_64-pokysdk-linux/usr/lib/arm-zephyr-eabi/gcc/arm-zephyr-eabi/6.2.0/include" -isystem "/opt/zephyr-sdk/sysroots/x86_64-pokysdk-linux/usr/lib/arm-zephyr-eabi/gcc/arm-zephyr-eabi/6.2.0/include-fixed" -Wl,--unresolved-symbols=ignore-in-object-files   -fdata-sections -o CMakeFiles/cmTC_35988.dir/src.c.obj   -c /home/israel/Dropbox/Ufal/2017.2/SE/06_Projeto/build/CMakeFiles/CMakeTmp/src.c
Linking C executable cmTC_35988
/usr/local/bin/cmake -E cmake_link_script CMakeFiles/cmTC_35988.dir/link.txt --verbose=1
/opt/zephyr-sdk/sysroots/x86_64-pokysdk-linux/usr/bin/arm-zephyr-eabi/arm-zephyr-eabi-gcc  -Dcheck_fdata_sections_C -nostartfiles -nostdlib -isystem "/opt/zephyr-sdk/sysroots/x86_64-pokysdk-linux/usr/lib/arm-zephyr-eabi/gcc/arm-zephyr-eabi/6.2.0/include" -isystem "/opt/zephyr-sdk/sysroots/x86_64-pokysdk-linux/usr/lib/arm-zephyr-eabi/gcc/arm-zephyr-eabi/6.2.0/include-fixed" -Wl,--unresolved-symbols=ignore-in-object-files    CMakeFiles/cmTC_35988.dir/src.c.obj  -o cmTC_35988 
/opt/zephyr-sdk/sysroots/x86_64-pokysdk-linux/usr/libexec/arm-zephyr-eabi/gcc/arm-zephyr-eabi/6.2.0/real-ld: warning: cannot find entry symbol _start; defaulting to 0000000000008024
make[1]: Leaving directory `/home/israel/Dropbox/Ufal/2017.2/SE/06_Projeto/build/CMakeFiles/CMakeTmp'

Source file was:
int main(void) { return 0; }
Performing C SOURCE FILE Test check_Wl___print_memory_usage succeeded with the following output:
Change Dir: /home/israel/Dropbox/Ufal/2017.2/SE/06_Projeto/build/CMakeFiles/CMakeTmp

Run Build Command:"/usr/bin/make" "cmTC_2b28a/fast"
/usr/bin/make -f CMakeFiles/cmTC_2b28a.dir/build.make CMakeFiles/cmTC_2b28a.dir/build
make[1]: Entering directory `/home/israel/Dropbox/Ufal/2017.2/SE/06_Projeto/build/CMakeFiles/CMakeTmp'
Building C object CMakeFiles/cmTC_2b28a.dir/src.c.obj
/opt/zephyr-sdk/sysroots/x86_64-pokysdk-linux/usr/bin/arm-zephyr-eabi/arm-zephyr-eabi-gcc   -Dcheck_Wl___print_memory_usage -nostartfiles -nostdlib -isystem "/opt/zephyr-sdk/sysroots/x86_64-pokysdk-linux/usr/lib/arm-zephyr-eabi/gcc/arm-zephyr-eabi/6.2.0/include" -isystem "/opt/zephyr-sdk/sysroots/x86_64-pokysdk-linux/usr/lib/arm-zephyr-eabi/gcc/arm-zephyr-eabi/6.2.0/include-fixed" -Wl,--unresolved-symbols=ignore-in-object-files -Wl,--print-memory-usage   -o CMakeFiles/cmTC_2b28a.dir/src.c.obj   -c /home/israel/Dropbox/Ufal/2017.2/SE/06_Projeto/build/CMakeFiles/CMakeTmp/src.c
Linking C executable cmTC_2b28a
/usr/local/bin/cmake -E cmake_link_script CMakeFiles/cmTC_2b28a.dir/link.txt --verbose=1
/opt/zephyr-sdk/sysroots/x86_64-pokysdk-linux/usr/bin/arm-zephyr-eabi/arm-zephyr-eabi-gcc  -Dcheck_Wl___print_memory_usage -nostartfiles -nostdlib -isystem "/opt/zephyr-sdk/sysroots/x86_64-pokysdk-linux/usr/lib/arm-zephyr-eabi/gcc/arm-zephyr-eabi/6.2.0/include" -isystem "/opt/zephyr-sdk/sysroots/x86_64-pokysdk-linux/usr/lib/arm-zephyr-eabi/gcc/arm-zephyr-eabi/6.2.0/include-fixed" -Wl,--unresolved-symbols=ignore-in-object-files -Wl,--print-memory-usage    CMakeFiles/cmTC_2b28a.dir/src.c.obj  -o cmTC_2b28a 
Memory region         Used Size  Region Size  %age Used/opt/zephyr-sdk/sysroots/x86_64-pokysdk-linux/usr/libexec/arm-zephyr-eabi/gcc/arm-zephyr-eabi/6.2.0/real-ld: warning: cannot find entry symbol _start; defaulting to 0000000000008024

make[1]: Leaving directory `/home/israel/Dropbox/Ufal/2017.2/SE/06_Projeto/build/CMakeFiles/CMakeTmp'

Source file was:
int main(void) { return 0; }
